This file contains any messages produced by compilers while
running configure, to aid debugging if configure makes a mistake.

It was created by configure, which was
generated by GNU Autoconf 2.69.  Invocation command line was

  $ ./configure --with-gaproot=/usr/local/src/gap

## --------- ##
## Platform. ##
## --------- ##

hostname = Laurents-MacBook-Pro.local
uname -m = x86_64
uname -r = 12.2.0
uname -s = Darwin
uname -v = Darwin Kernel Version 12.2.0: Sat Aug 25 00:48:52 PDT 2012; root:xnu-2050.18.24~1/RELEASE_X86_64

/usr/bin/uname -p = i386
/bin/uname -X     = unknown

/bin/arch              = unknown
/usr/bin/arch -k       = unknown
/usr/convex/getsysinfo = unknown
/usr/bin/hostinfo      = Mach kernel version:
	 Darwin Kernel Version 12.2.0: Sat Aug 25 00:48:52 PDT 2012; root:xnu-2050.18.24~1/RELEASE_X86_64
Kernel configured for up to 8 processors.
4 processors are physically available.
8 processors are logically available.
Processor type: i486 (Intel 80486)
Processors active: 0 1 2 3 4 5 6 7
Primary memory available: 16.00 gigabytes
Default processor set: 123 tasks, 620 threads, 8 processors
Load average: 2.00, Mach factor: 5.98
/bin/machine           = unknown
/usr/bin/oslevel       = unknown
/bin/universe          = unknown

PATH: /Users/laurent/.../bin
PATH: /usr/local/bin
PATH: /usr/bin
PATH: /bin
PATH: /usr/sbin
PATH: /sbin
PATH: /usr/local/bin
PATH: /opt/X11/bin
PATH: /usr/texbin


## ----------- ##
## Core tests. ##
## ----------- ##

configure:2255: checking build system type
configure:2269: result: x86_64-apple-darwin12.2.0
configure:2289: checking host system type
configure:2302: result: x86_64-apple-darwin12.2.0
configure:2343: checking how to print strings
configure:2370: result: printf
configure:2439: checking for gcc
configure:2455: found /usr/bin/gcc
configure:2466: result: gcc
configure:2695: checking for C compiler version
configure:2704: gcc --version >&5
i686-apple-darwin11-llvm-gcc-4.2 (GCC) 4.2.1 (Based on Apple Inc. build 5658) (LLVM build 2336.11.00)
Copyright (C) 2007 Free Software Foundation, Inc.
This is free software; see the source for copying conditions.  There is NO
warranty; not even for MERCHANTABILITY or FITNESS FOR A PARTICULAR PURPOSE.

configure:2715: $? = 0
configure:2704: gcc -v >&5
Using built-in specs.
Target: i686-apple-darwin11
Configured with: /private/var/tmp/llvmgcc42/llvmgcc42-2336.11~67/src/configure --disable-checking --enable-werror --prefix=/Applications/Xcode.app/Contents/Developer/usr/llvm-gcc-4.2 --mandir=/share/man --enable-languages=c,objc,c++,obj-c++ --program-prefix=llvm- --program-transform-name=/^[cg][^.-]*$/s/$/-4.2/ --with-slibdir=/usr/lib --build=i686-apple-darwin11 --enable-llvm=/private/var/tmp/llvmgcc42/llvmgcc42-2336.11~67/dst-llvmCore/Developer/usr/local --program-prefix=i686-apple-darwin11- --host=x86_64-apple-darwin11 --target=i686-apple-darwin11 --with-gxx-include-dir=/usr/include/c++/4.2.1
Thread model: posix
gcc version 4.2.1 (Based on Apple Inc. build 5658) (LLVM build 2336.11.00)
configure:2715: $? = 0
configure:2704: gcc -V >&5
llvm-gcc-4.2: argument to `-V' is missing
configure:2715: $? = 1
configure:2704: gcc -qversion >&5
i686-apple-darwin11-llvm-gcc-4.2: no input files
configure:2715: $? = 1
configure:2735: checking whether the C compiler works
configure:2757: gcc    conftest.c  >&5
configure:2761: $? = 0
configure:2809: result: yes
configure:2812: checking for C compiler default output file name
configure:2814: result: a.out
configure:2820: checking for suffix of executables
configure:2827: gcc -o conftest    conftest.c  >&5
configure:2831: $? = 0
configure:2853: result: 
configure:2875: checking whether we are cross compiling
configure:2883: gcc -o conftest    conftest.c  >&5
configure:2887: $? = 0
configure:2894: ./conftest
configure:2898: $? = 0
configure:2913: result: no
configure:2918: checking for suffix of object files
configure:2940: gcc -c   conftest.c >&5
configure:2944: $? = 0
configure:2965: result: o
configure:2969: checking whether we are using the GNU C compiler
configure:2988: gcc -c   conftest.c >&5
configure:2988: $? = 0
configure:2997: result: yes
configure:3006: checking whether gcc accepts -g
configure:3026: gcc -c -g  conftest.c >&5
configure:3026: $? = 0
configure:3067: result: yes
configure:3084: checking for gcc option to accept ISO C89
configure:3147: gcc  -c -g -O2  conftest.c >&5
configure:3147: $? = 0
configure:3160: result: none needed
configure:3180: checking for a sed that does not truncate output
configure:3244: result: /usr/local/bin/gsed
configure:3262: checking for grep that handles long lines and -e
configure:3320: result: /usr/bin/grep
configure:3325: checking for egrep
configure:3387: result: /usr/bin/grep -E
configure:3392: checking for fgrep
configure:3454: result: /usr/bin/grep -F
configure:3489: checking for ld used by gcc
configure:3556: result: /usr/llvm-gcc-4.2/libexec/gcc/i686-apple-darwin11/4.2.1/ld
configure:3563: checking if the linker (/usr/llvm-gcc-4.2/libexec/gcc/i686-apple-darwin11/4.2.1/ld) is GNU ld
configure:3578: result: no
configure:3590: checking for BSD- or MS-compatible name lister (nm)
configure:3639: result: /usr/bin/nm
configure:3769: checking the name lister (/usr/bin/nm) interface
configure:3776: gcc -c -g -O2  conftest.c >&5
configure:3779: /usr/bin/nm "conftest.o"
configure:3782: output
0000000000000188 S _some_variable
configure:3789: result: BSD nm
configure:3792: checking whether ln -s works
configure:3796: result: yes
configure:3804: checking the maximum length of command line arguments
configure:3934: result: 196608
configure:3951: checking whether the shell understands some XSI constructs
configure:3961: result: yes
configure:3965: checking whether the shell understands "+="
configure:3971: result: yes
configure:4006: checking how to convert x86_64-apple-darwin12.2.0 file names to x86_64-apple-darwin12.2.0 format
configure:4046: result: func_convert_file_noop
configure:4053: checking how to convert x86_64-apple-darwin12.2.0 file names to toolchain format
configure:4073: result: func_convert_file_noop
configure:4080: checking for /usr/llvm-gcc-4.2/libexec/gcc/i686-apple-darwin11/4.2.1/ld option to reload object files
configure:4087: result: -r
configure:4161: checking for objdump
configure:4191: result: no
configure:4217: checking how to recognize dependent libraries
configure:4419: result: pass_all
configure:4504: checking for dlltool
configure:4534: result: no
configure:4561: checking how to associate runtime and link libraries
configure:4588: result: printf %s\n
configure:4649: checking for ar
configure:4665: found /usr/bin/ar
configure:4676: result: ar
configure:4713: checking for archiver @FILE support
configure:4730: gcc -c -g -O2  conftest.c >&5
configure:4730: $? = 0
configure:4733: ar cru libconftest.a @conftest.lst >&5
ar: @conftest.lst: No such file or directory
configure:4736: $? = 1
configure:4756: result: no
configure:4814: checking for strip
configure:4830: found /usr/bin/strip
configure:4841: result: strip
configure:4913: checking for ranlib
configure:4929: found /usr/bin/ranlib
configure:4940: result: ranlib
configure:5017: checking for gawk
configure:5047: result: no
configure:5017: checking for mawk
configure:5047: result: no
configure:5017: checking for nawk
configure:5047: result: no
configure:5017: checking for awk
configure:5033: found /usr/bin/awk
configure:5044: result: awk
configure:5084: checking command to parse /usr/bin/nm output from gcc object
configure:5204: gcc -c -g -O2  conftest.c >&5
configure:5207: $? = 0
configure:5211: /usr/bin/nm conftest.o \| sed -n -e 's/^.*[ ]\([BCDEGRST][BCDEGRST]*\)[ ][ ]*\([_A-Za-z][_A-Za-z0-9]*\)$/\1 \2 \2/p' | sed '/ __gnu_lto/d' \> conftest.nm
configure:5214: $? = 0
cannot find nm_test_var in conftest.nm
configure:5204: gcc -c -g -O2  conftest.c >&5
configure:5207: $? = 0
configure:5211: /usr/bin/nm conftest.o \| sed -n -e 's/^.*[ ]\([BCDEGRST][BCDEGRST]*\)[ ][ ]*_\([_A-Za-z][_A-Za-z0-9]*\)$/\1 _\2 \2/p' | sed '/ __gnu_lto/d' \> conftest.nm
configure:5214: $? = 0
configure:5280: gcc -o conftest -g -O2   conftest.c conftstm.o >&5
configure:5283: $? = 0
configure:5321: result: ok
configure:5358: checking for sysroot
configure:5388: result: no
configure:5644: checking for mt
configure:5674: result: no
configure:5694: checking if : is a manifest tool
configure:5700: : '-?'
configure:5708: result: no
configure:5764: checking for dsymutil
configure:5780: found /usr/bin/dsymutil
configure:5791: result: dsymutil
configure:5856: checking for nmedit
configure:5872: found /usr/bin/nmedit
configure:5883: result: nmedit
configure:5948: checking for lipo
configure:5964: found /usr/bin/lipo
configure:5975: result: lipo
configure:6040: checking for otool
configure:6056: found /usr/bin/otool
configure:6067: result: otool
configure:6132: checking for otool64
configure:6162: result: no
configure:6207: checking for -single_module linker flag
gcc -g -O2  -o libconftest.dylib -dynamiclib -Wl,-single_module conftest.c
configure:6240: result: yes
configure:6243: checking for -exported_symbols_list linker flag
configure:6263: gcc -o conftest -g -O2   -Wl,-exported_symbols_list,conftest.sym conftest.c  >&5
configure:6263: $? = 0
configure:6273: result: yes
configure:6276: checking for -force_load linker flag
gcc -g -O2 -c -o conftest.o conftest.c
ar cru libconftest.a conftest.o
ranlib libconftest.a
gcc -g -O2  -o conftest conftest.c -Wl,-force_load,./libconftest.a
configure:6308: result: yes
configure:6350: checking how to run the C preprocessor
configure:6381: gcc -E  conftest.c
configure:6381: $? = 0
configure:6395: gcc -E  conftest.c
conftest.c:9:28: error: ac_nonexistent.h: No such file or directory
configure:6395: $? = 1
configure: failed program was:
| /* confdefs.h */
| #define PACKAGE_NAME ""
| #define PACKAGE_TARNAME ""
| #define PACKAGE_VERSION ""
| #define PACKAGE_STRING ""
| #define PACKAGE_BUGREPORT ""
| #define PACKAGE_URL ""
| /* end confdefs.h.  */
| #include <ac_nonexistent.h>
configure:6420: result: gcc -E
configure:6440: gcc -E  conftest.c
configure:6440: $? = 0
configure:6454: gcc -E  conftest.c
conftest.c:9:28: error: ac_nonexistent.h: No such file or directory
configure:6454: $? = 1
configure: failed program was:
| /* confdefs.h */
| #define PACKAGE_NAME ""
| #define PACKAGE_TARNAME ""
| #define PACKAGE_VERSION ""
| #define PACKAGE_STRING ""
| #define PACKAGE_BUGREPORT ""
| #define PACKAGE_URL ""
| /* end confdefs.h.  */
| #include <ac_nonexistent.h>
configure:6483: checking for ANSI C header files
configure:6503: gcc -c -g -O2  conftest.c >&5
configure:6503: $? = 0
configure:6576: gcc -o conftest -g -O2   conftest.c  >&5
configure:6576: $? = 0
configure:6576: ./conftest
configure:6576: $? = 0
configure:6587: result: yes
configure:6600: checking for sys/types.h
configure:6600: gcc -c -g -O2  conftest.c >&5
configure:6600: $? = 0
configure:6600: result: yes
configure:6600: checking for sys/stat.h
configure:6600: gcc -c -g -O2  conftest.c >&5
configure:6600: $? = 0
configure:6600: result: yes
configure:6600: checking for stdlib.h
configure:6600: gcc -c -g -O2  conftest.c >&5
configure:6600: $? = 0
configure:6600: result: yes
configure:6600: checking for string.h
configure:6600: gcc -c -g -O2  conftest.c >&5
configure:6600: $? = 0
configure:6600: result: yes
configure:6600: checking for memory.h
configure:6600: gcc -c -g -O2  conftest.c >&5
configure:6600: $? = 0
configure:6600: result: yes
configure:6600: checking for strings.h
configure:6600: gcc -c -g -O2  conftest.c >&5
configure:6600: $? = 0
configure:6600: result: yes
configure:6600: checking for inttypes.h
configure:6600: gcc -c -g -O2  conftest.c >&5
configure:6600: $? = 0
configure:6600: result: yes
configure:6600: checking for stdint.h
configure:6600: gcc -c -g -O2  conftest.c >&5
configure:6600: $? = 0
configure:6600: result: yes
configure:6600: checking for unistd.h
configure:6600: gcc -c -g -O2  conftest.c >&5
configure:6600: $? = 0
configure:6600: result: yes
configure:6614: checking for dlfcn.h
configure:6614: gcc -c -g -O2  conftest.c >&5
configure:6614: $? = 0
configure:6614: result: yes
configure:7116: checking for objdir
configure:7131: result: .libs
configure:7402: checking if gcc supports -fno-rtti -fno-exceptions
configure:7420: gcc -c -g -O2  -fno-rtti -fno-exceptions conftest.c >&5
cc1: warning: command line option "-fno-rtti" is valid for C++/ObjC++ but not for C
configure:7424: $? = 0
configure:7437: result: no
configure:7764: checking for gcc option to produce PIC
configure:7771: result: -fno-common -DPIC
configure:7779: checking if gcc PIC flag -fno-common -DPIC works
configure:7797: gcc -c -g -O2  -fno-common -DPIC -DPIC conftest.c >&5
configure:7801: $? = 0
configure:7814: result: yes
configure:7843: checking if gcc static flag -static works
configure:7871: result: no
configure:7886: checking if gcc supports -c -o file.o
configure:7907: gcc -c -g -O2  -o out/conftest2.o conftest.c >&5
configure:7911: $? = 0
configure:7933: result: yes
configure:7941: checking if gcc supports -c -o file.o
configure:7988: result: yes
configure:8021: checking whether the gcc linker (/usr/llvm-gcc-4.2/libexec/gcc/i686-apple-darwin11/4.2.1/ld) supports shared libraries
configure:9174: result: yes
configure:9414: checking dynamic linker characteristics
configure:10147: result: darwin12.2.0 dyld
configure:10254: checking how to hardcode library paths into programs
configure:10279: result: immediate
configure:10324: checking for dlopen in -ldl
configure:10349: gcc -o conftest -g -O2   conftest.c -ldl   >&5
configure:10349: $? = 0
configure:10358: result: yes
configure:10573: checking whether a program can dlopen itself
configure:10653: gcc -o conftest -g -O2  -DHAVE_DLFCN_H   conftest.c -ldl  >&5
configure:10656: $? = 0
configure:10674: result: yes
configure:10679: checking whether a statically linked program can dlopen itself
configure:10759: gcc -o conftest -g -O2  -DHAVE_DLFCN_H    conftest.c -ldl  >&5
configure:10762: $? = 0
configure:10780: result: yes
configure:10819: checking whether stripping libraries is possible
configure:10833: result: yes
configure:10859: checking if libtool supports shared libraries
configure:10861: result: yes
configure:10864: checking whether to build shared libraries
configure:10885: result: yes
configure:10888: checking whether to build static libraries
configure:10892: result: no
configure:10981: checking for gcc
configure:11008: result: gcc
configure:11237: checking for C compiler version
configure:11246: gcc --version >&5
i686-apple-darwin11-llvm-gcc-4.2 (GCC) 4.2.1 (Based on Apple Inc. build 5658) (LLVM build 2336.11.00)
Copyright (C) 2007 Free Software Foundation, Inc.
This is free software; see the source for copying conditions.  There is NO
warranty; not even for MERCHANTABILITY or FITNESS FOR A PARTICULAR PURPOSE.

configure:11257: $? = 0
configure:11246: gcc -v >&5
Using built-in specs.
Target: i686-apple-darwin11
Configured with: /private/var/tmp/llvmgcc42/llvmgcc42-2336.11~67/src/configure --disable-checking --enable-werror --prefix=/Applications/Xcode.app/Contents/Developer/usr/llvm-gcc-4.2 --mandir=/share/man --enable-languages=c,objc,c++,obj-c++ --program-prefix=llvm- --program-transform-name=/^[cg][^.-]*$/s/$/-4.2/ --with-slibdir=/usr/lib --build=i686-apple-darwin11 --enable-llvm=/private/var/tmp/llvmgcc42/llvmgcc42-2336.11~67/dst-llvmCore/Developer/usr/local --program-prefix=i686-apple-darwin11- --host=x86_64-apple-darwin11 --target=i686-apple-darwin11 --with-gxx-include-dir=/usr/include/c++/4.2.1
Thread model: posix
gcc version 4.2.1 (Based on Apple Inc. build 5658) (LLVM build 2336.11.00)
configure:11257: $? = 0
configure:11246: gcc -V >&5
llvm-gcc-4.2: argument to `-V' is missing
configure:11257: $? = 1
configure:11246: gcc -qversion >&5
i686-apple-darwin11-llvm-gcc-4.2: no input files
configure:11257: $? = 1
configure:11261: checking whether we are using the GNU C compiler
configure:11289: result: yes
configure:11298: checking whether gcc accepts -g
configure:11359: result: yes
configure:11376: checking for gcc option to accept ISO C89
configure:11452: result: none needed
configure:11473: checking for C compiler vendor
configure:11497: gcc -c -g -O2  conftest.c >&5
conftest.c: In function 'main':
conftest.c:27: error: 'thisisanerror' undeclared (first use in this function)
conftest.c:27: error: (Each undeclared identifier is reported only once
conftest.c:27: error: for each function it appears in.)
configure:11497: $? = 1
configure: failed program was:
| /* confdefs.h */
| #define PACKAGE_NAME ""
| #define PACKAGE_TARNAME ""
| #define PACKAGE_VERSION ""
| #define PACKAGE_STRING ""
| #define PACKAGE_BUGREPORT ""
| #define PACKAGE_URL ""
| #define STDC_HEADERS 1
| #define HAVE_SYS_TYPES_H 1
| #define HAVE_SYS_STAT_H 1
| #define HAVE_STDLIB_H 1
| #define HAVE_STRING_H 1
| #define HAVE_MEMORY_H 1
| #define HAVE_STRINGS_H 1
| #define HAVE_INTTYPES_H 1
| #define HAVE_STDINT_H 1
| #define HAVE_UNISTD_H 1
| #define HAVE_DLFCN_H 1
| #define LT_OBJDIR ".libs/"
| /* end confdefs.h.  */
| 
| int
| main ()
| {
| 
| #if !(defined(__ICC) || defined(__ECC) || defined(__INTEL_COMPILER))
|       thisisanerror;
| #endif
| 
|   ;
|   return 0;
| }
configure:11497: gcc -c -g -O2  conftest.c >&5
conftest.c: In function 'main':
conftest.c:27: error: 'thisisanerror' undeclared (first use in this function)
conftest.c:27: error: (Each undeclared identifier is reported only once
conftest.c:27: error: for each function it appears in.)
configure:11497: $? = 1
configure: failed program was:
| /* confdefs.h */
| #define PACKAGE_NAME ""
| #define PACKAGE_TARNAME ""
| #define PACKAGE_VERSION ""
| #define PACKAGE_STRING ""
| #define PACKAGE_BUGREPORT ""
| #define PACKAGE_URL ""
| #define STDC_HEADERS 1
| #define HAVE_SYS_TYPES_H 1
| #define HAVE_SYS_STAT_H 1
| #define HAVE_STDLIB_H 1
| #define HAVE_STRING_H 1
| #define HAVE_MEMORY_H 1
| #define HAVE_STRINGS_H 1
| #define HAVE_INTTYPES_H 1
| #define HAVE_STDINT_H 1
| #define HAVE_UNISTD_H 1
| #define HAVE_DLFCN_H 1
| #define LT_OBJDIR ".libs/"
| /* end confdefs.h.  */
| 
| int
| main ()
| {
| 
| #if !(defined(__xlc__) || defined(__xlC__) || defined(__IBMC__) || defined(__IBMCPP__))
|       thisisanerror;
| #endif
| 
|   ;
|   return 0;
| }
configure:11497: gcc -c -g -O2  conftest.c >&5
conftest.c: In function 'main':
conftest.c:27: error: 'thisisanerror' undeclared (first use in this function)
conftest.c:27: error: (Each undeclared identifier is reported only once
conftest.c:27: error: for each function it appears in.)
configure:11497: $? = 1
configure: failed program was:
| /* confdefs.h */
| #define PACKAGE_NAME ""
| #define PACKAGE_TARNAME ""
| #define PACKAGE_VERSION ""
| #define PACKAGE_STRING ""
| #define PACKAGE_BUGREPORT ""
| #define PACKAGE_URL ""
| #define STDC_HEADERS 1
| #define HAVE_SYS_TYPES_H 1
| #define HAVE_SYS_STAT_H 1
| #define HAVE_STDLIB_H 1
| #define HAVE_STRING_H 1
| #define HAVE_MEMORY_H 1
| #define HAVE_STRINGS_H 1
| #define HAVE_INTTYPES_H 1
| #define HAVE_STDINT_H 1
| #define HAVE_UNISTD_H 1
| #define HAVE_DLFCN_H 1
| #define LT_OBJDIR ".libs/"
| /* end confdefs.h.  */
| 
| int
| main ()
| {
| 
| #if !(defined(__PATHCC__) || defined(__PATHSCALE__))
|       thisisanerror;
| #endif
| 
|   ;
|   return 0;
| }
configure:11497: gcc -c -g -O2  conftest.c >&5
configure:11497: $? = 0
configure:11504: result: gnu
configure:12332: checking for ANSI C header files
configure:12436: result: yes
configure:12447: checking float.h usability
configure:12447: gcc -c -g -O2  conftest.c >&5
configure:12447: $? = 0
configure:12447: result: yes
configure:12447: checking float.h presence
configure:12447: gcc -E  conftest.c
configure:12447: $? = 0
configure:12447: result: yes
configure:12447: checking for float.h
configure:12447: result: yes
configure:12447: checking for stdlib.h
configure:12447: result: yes
configure:12459: checking for an ANSI C-conforming const
configure:12525: gcc -c -g -O2  conftest.c >&5
configure:12525: $? = 0
configure:12532: result: yes
configure:12540: checking for inline
configure:12556: gcc -c -g -O2  conftest.c >&5
configure:12556: $? = 0
configure:12564: result: inline
configure:12598: checking for CONFIGNAME
configure:12604: result: none
configure:12616: checking for GAP root directory
configure:12642: result: /usr/local/src/gap
configure:12667: checking for GAP architecture
configure:12681: result: x86_64-apple-darwin12.2.0-gcc-default64
configure:12704: WARNING: The guessed target -gcc-default64 is not the gap target x86_64-apple-darwin12.2.0-gcc-default64. Cross your fingers
configure:12713: checking for GAP include files
configure:12716: result: /usr/local/src/gap/src/compiled.h
configure:12723: checking for GAP config.h
configure:12726: result: /usr/local/src/gap/bin/x86_64-apple-darwin12.2.0-gcc-default64/config.h
configure:12759: checking for GAP's gmp.h location
configure:12770: result: /usr/local/include/gmp.h
configure:12872: checking gsl/gsl_vector.h usability
configure:12872: gcc -c -g -O2  conftest.c >&5
configure:12872: $? = 0
configure:12872: result: yes
configure:12872: checking gsl/gsl_vector.h presence
configure:12872: gcc -E  conftest.c
configure:12872: $? = 0
configure:12872: result: yes
configure:12872: checking for gsl/gsl_vector.h
configure:12872: result: yes
configure:12880: checking for gsl_multiroot_fsolver_set in -lgsl
configure:12905: gcc -o conftest -g -O2   conftest.c -lgsl -lgslcblas  >&5
configure:12905: $? = 0
configure:12914: result: yes
configure:12927: checking for cblas_ctrmv in -lgslcblas
configure:12952: gcc -o conftest -g -O2   conftest.c -lgslcblas  -lgsl  >&5
configure:12952: $? = 0
configure:12961: result: yes
configure:12989: checking for dot
configure:13007: found /usr/local/bin/dot
configure:13019: result: /usr/local/bin/dot
configure:13038: checking for display
configure:13056: found /usr/local/bin/display
configure:13068: result: /usr/local/bin/display
configure:13084: checking for appletviewer
configure:13102: found /usr/bin/appletviewer
configure:13114: result: /usr/bin/appletviewer
configure:13133: checking for javac
configure:13149: found /usr/bin/javac
configure:13160: result: javac
configure:13354: creating bin//config.status

## ---------------------- ##
## Running config.status. ##
## ---------------------- ##

This file was extended by config.status, which was
generated by GNU Autoconf 2.69.  Invocation command line was

  CONFIG_FILES    = 
  CONFIG_HEADERS  = 
  CONFIG_LINKS    = 
  CONFIG_COMMANDS = 
  $ bin//config.status 

on Laurents-MacBook-Pro.local

config.status:976: creating 
config.status:1118: error: could not create 

## ---------------- ##
## Cache variables. ##
## ---------------- ##

ac_cv_build=x86_64-apple-darwin12.2.0
ac_cv_c_compiler_gnu=yes
ac_cv_c_const=yes
ac_cv_c_inline=inline
ac_cv_env_CC_set=
ac_cv_env_CC_value=
ac_cv_env_CFLAGS_set=
ac_cv_env_CFLAGS_value=
ac_cv_env_CONFIGNAME_set=
ac_cv_env_CONFIGNAME_value=
ac_cv_env_CPPFLAGS_set=
ac_cv_env_CPPFLAGS_value=
ac_cv_env_CPP_set=
ac_cv_env_CPP_value=
ac_cv_env_LDFLAGS_set=
ac_cv_env_LDFLAGS_value=
ac_cv_env_LIBS_set=
ac_cv_env_LIBS_value=
ac_cv_env_build_alias_set=
ac_cv_env_build_alias_value=
ac_cv_env_host_alias_set=
ac_cv_env_host_alias_value=
ac_cv_env_target_alias_set=
ac_cv_env_target_alias_value=
ac_cv_header_dlfcn_h=yes
ac_cv_header_float_h=yes
ac_cv_header_gsl_gsl_vector_h=yes
ac_cv_header_inttypes_h=yes
ac_cv_header_memory_h=yes
ac_cv_header_stdc=yes
ac_cv_header_stdint_h=yes
ac_cv_header_stdlib_h=yes
ac_cv_header_string_h=yes
ac_cv_header_strings_h=yes
ac_cv_header_sys_stat_h=yes
ac_cv_header_sys_types_h=yes
ac_cv_header_unistd_h=yes
ac_cv_host=x86_64-apple-darwin12.2.0
ac_cv_lib_dl_dlopen=yes
ac_cv_lib_gsl_gsl_multiroot_fsolver_set=yes
ac_cv_lib_gslcblas_cblas_ctrmv=yes
ac_cv_objext=o
ac_cv_path_APPLETVIEWER=/usr/bin/appletviewer
ac_cv_path_DISP=/usr/local/bin/display
ac_cv_path_DOT=/usr/local/bin/dot
ac_cv_path_EGREP='/usr/bin/grep -E'
ac_cv_path_FGREP='/usr/bin/grep -F'
ac_cv_path_GREP=/usr/bin/grep
ac_cv_path_SED=/usr/local/bin/gsed
ac_cv_prog_AWK=awk
ac_cv_prog_CPP='gcc -E'
ac_cv_prog_JAVAC=javac
ac_cv_prog_ac_ct_AR=ar
ac_cv_prog_ac_ct_CC=gcc
ac_cv_prog_ac_ct_DSYMUTIL=dsymutil
ac_cv_prog_ac_ct_LIPO=lipo
ac_cv_prog_ac_ct_NMEDIT=nmedit
ac_cv_prog_ac_ct_OTOOL=otool
ac_cv_prog_ac_ct_RANLIB=ranlib
ac_cv_prog_ac_ct_STRIP=strip
ac_cv_prog_cc_c89=
ac_cv_prog_cc_g=yes
ax_cv_c_compiler_vendor=gnu
lt_cv_apple_cc_single_mod=yes
lt_cv_ar_at_file=no
lt_cv_deplibs_check_method=pass_all
lt_cv_dlopen=dlopen
lt_cv_dlopen_libs=-ldl
lt_cv_dlopen_self=yes
lt_cv_dlopen_self_static=yes
lt_cv_file_magic_cmd='$MAGIC_CMD'
lt_cv_file_magic_test_file=
lt_cv_ld_exported_symbols_list=yes
lt_cv_ld_force_load=yes
lt_cv_ld_reload_flag=-r
lt_cv_nm_interface='BSD nm'
lt_cv_objdir=.libs
lt_cv_path_LD=/usr/llvm-gcc-4.2/libexec/gcc/i686-apple-darwin11/4.2.1/ld
lt_cv_path_NM=/usr/bin/nm
lt_cv_path_mainfest_tool=no
lt_cv_prog_compiler_c_o=yes
lt_cv_prog_compiler_pic='-fno-common -DPIC'
lt_cv_prog_compiler_pic_works=yes
lt_cv_prog_compiler_rtti_exceptions=no
lt_cv_prog_compiler_static_works=no
lt_cv_prog_gnu_ld=no
lt_cv_sharedlib_from_linklib_cmd='printf %s\n'
lt_cv_sys_global_symbol_pipe='sed -n -e '\''s/^.*[	 ]\([BCDEGRST][BCDEGRST]*\)[	 ][	 ]*_\([_A-Za-z][_A-Za-z0-9]*\)$/\1 _\2 \2/p'\'' | sed '\''/ __gnu_lto/d'\'''
lt_cv_sys_global_symbol_to_c_name_address='sed -n -e '\''s/^: \([^ ]*\)[ ]*$/  {\"\1\", (void *) 0},/p'\'' -e '\''s/^[BCDEGRST]* \([^ ]*\) \([^ ]*\)$/  {"\2", (void *) \&\2},/p'\'''
lt_cv_sys_global_symbol_to_c_name_address_lib_prefix='sed -n -e '\''s/^: \([^ ]*\)[ ]*$/  {\"\1\", (void *) 0},/p'\'' -e '\''s/^[BCDEGRST]* \([^ ]*\) \(lib[^ ]*\)$/  {"\2", (void *) \&\2},/p'\'' -e '\''s/^[BCDEGRST]* \([^ ]*\) \([^ ]*\)$/  {"lib\2", (void *) \&\2},/p'\'''
lt_cv_sys_global_symbol_to_cdecl='sed -n -e '\''s/^T .* \(.*\)$/extern int \1();/p'\'' -e '\''s/^[BCDEGRST]* .* \(.*\)$/extern char \1;/p'\'''
lt_cv_sys_max_cmd_len=196608
lt_cv_to_host_file_cmd=func_convert_file_noop
lt_cv_to_tool_file_cmd=func_convert_file_noop

## ----------------- ##
## Output variables. ##
## ----------------- ##

APPLETVIEWER='/usr/bin/appletviewer'
AR='ar'
AS='as'
AWK='awk'
CC='gcc'
CFLAGS='-g -O2'
CONFIGNAME=''
CPP='gcc -E'
CPPFLAGS=''
DEFS='-DPACKAGE_NAME=\"\" -DPACKAGE_TARNAME=\"\" -DPACKAGE_VERSION=\"\" -DPACKAGE_STRING=\"\" -DPACKAGE_BUGREPORT=\"\" -DPACKAGE_URL=\"\" -DSTDC_HEADERS=1 -DHAVE_SYS_TYPES_H=1 -DHAVE_SYS_STAT_H=1 -DHAVE_STDLIB_H=1 -DHAVE_STRING_H=1 -DHAVE_MEMORY_H=1 -DHAVE_STRINGS_H=1 -DHAVE_INTTYPES_H=1 -DHAVE_STDINT_H=1 -DHAVE_UNISTD_H=1 -DHAVE_DLFCN_H=1 -DLT_OBJDIR=\".libs/\" -DSTDC_HEADERS=1 -DHAVE_FLOAT_H=1 -DHAVE_STDLIB_H=1 -DSYS_IS_CYGWIN32=0 -DSYS_IS_DARWIN=1 -DHAVE_LIBGSL=1 -DHAVE_LIBGSLCBLAS=1'
DISP='/usr/local/bin/display'
DLLTOOL='false'
DOT='/usr/local/bin/dot'
DSYMUTIL='dsymutil'
DUMPBIN=''
ECHO_C='\c'
ECHO_N=''
ECHO_T=''
EGREP='/usr/bin/grep -E'
EXEEXT=''
FGREP='/usr/bin/grep -F'
GAPARCH='x86_64-apple-darwin12.2.0-gcc-default64'
GAPROOT='/usr/local/src/gap'
GAP_CPPFLAGS='-I/usr/local/src/gap -I/usr/local/src/gap/bin/x86_64-apple-darwin12.2.0-gcc-default64 -I/usr/local/include'
GMP_ROOT='/usr/local'
GREP='/usr/bin/grep'
JAVABUILD='java/javaplot.class java/javaview.jar'
JAVAC='javac'
LD='/usr/llvm-gcc-4.2/libexec/gcc/i686-apple-darwin11/4.2.1/ld'
LDFLAGS=''
LIBOBJS=''
LIBS='-lgslcblas -lgsl  -lgsl -lgslcblas'
LIBTOOL='$(SHELL) $(top_builddir)/libtool'
LIB_TARGET=''
LIPO='lipo'
LN_S='ln -s'
LTLIBOBJS=''
MANIFEST_TOOL=':'
NM='/usr/bin/nm'
NMEDIT='nmedit'
OBJDUMP='false'
OBJEXT='o'
OTOOL64=':'
OTOOL='otool'
PACKAGE_BUGREPORT=''
PACKAGE_NAME=''
PACKAGE_STRING=''
PACKAGE_TARNAME=''
PACKAGE_URL=''
PACKAGE_VERSION=''
PATH_SEPARATOR=':'
PRTDIAG=''
RANLIB='ranlib'
SED='/usr/local/bin/gsed'
SHELL='/bin/sh'
STRIP='strip'
SYS_IS_CYGWIN_FALSE=''
SYS_IS_CYGWIN_TRUE='#'
ac_ct_AR='ar'
ac_ct_CC='gcc'
ac_ct_DUMPBIN=''
bindir='${exec_prefix}/bin'
build='x86_64-apple-darwin12.2.0'
build_alias=''
build_cpu='x86_64'
build_os='darwin12.2.0'
build_vendor='apple'
datadir='${datarootdir}'
datarootdir='${prefix}/share'
docdir='${datarootdir}/doc/${PACKAGE}'
dvidir='${docdir}'
exec_prefix='${prefix}'
host='x86_64-apple-darwin12.2.0'
host_alias=''
host_cpu='x86_64'
host_os='darwin12.2.0'
host_vendor='apple'
htmldir='${docdir}'
includedir='${prefix}/include'
infodir='${datarootdir}/info'
libdir='${exec_prefix}/lib'
libexecdir='${exec_prefix}/libexec'
localedir='${datarootdir}/locale'
localstatedir='${prefix}/var'
mandir='${datarootdir}/man'
oldincludedir='/usr/include'
pdfdir='${docdir}'
prefix='/Users/laurent/math/GAP/fr/cnf'
program_transform_name='s,x,x,'
psdir='${docdir}'
sbindir='${exec_prefix}/sbin'
sharedstatedir='${prefix}/com'
subdirs=' hurwitz'
sysconfdir='${prefix}/etc'
target_alias=''

## ----------- ##
## confdefs.h. ##
## ----------- ##

/* confdefs.h */
#define PACKAGE_NAME ""
#define PACKAGE_TARNAME ""
#define PACKAGE_VERSION ""
#define PACKAGE_STRING ""
#define PACKAGE_BUGREPORT ""
#define PACKAGE_URL ""
#define STDC_HEADERS 1
#define HAVE_SYS_TYPES_H 1
#define HAVE_SYS_STAT_H 1
#define HAVE_STDLIB_H 1
#define HAVE_STRING_H 1
#define HAVE_MEMORY_H 1
#define HAVE_STRINGS_H 1
#define HAVE_INTTYPES_H 1
#define HAVE_STDINT_H 1
#define HAVE_UNISTD_H 1
#define HAVE_DLFCN_H 1
#define LT_OBJDIR ".libs/"
#define STDC_HEADERS 1
#define HAVE_FLOAT_H 1
#define HAVE_STDLIB_H 1
#define SYS_IS_CYGWIN32 0
#define SYS_IS_DARWIN 1
#define HAVE_LIBGSL 1
#define HAVE_LIBGSLCBLAS 1

configure: exit 1
